<?xml version="1.0" encoding="UTF-8"?>
<testsuite xmlns:xsi="http://www.w3.org/2001/XMLSchema-instance" xsi:noNamespaceSchemaLocation="https://maven.apache.org/surefire/maven-surefire-plugin/xsd/surefire-test-report.xsd" name="TestSocket" time="2.651" tests="3" errors="0" skipped="0" failures="3">
  <properties>
    <property name="java.specification.version" value="19"/>
    <property name="sun.cpu.isalist" value="amd64"/>
    <property name="sun.jnu.encoding" value="Cp1252"/>
    <property name="java.class.path" value="C:\Users\marco\IdeaProjects\pinup\target\test-classes;C:\Users\marco\IdeaProjects\pinup\target\classes;C:\Users\marco\.m2\repository\org\jsoup\jsoup\1.14.2\jsoup-1.14.2.jar;C:\Users\marco\.m2\repository\com\google\code\gson\gson\2.8.8\gson-2.8.8.jar;C:\Users\marco\.m2\repository\org\json\json\20210307\json-20210307.jar;C:\Users\marco\.m2\repository\org\testng\testng\7.4.0\testng-7.4.0.jar;C:\Users\marco\.m2\repository\com\beust\jcommander\1.78\jcommander-1.78.jar;C:\Users\marco\.m2\repository\org\webjars\jquery\3.5.1\jquery-3.5.1.jar;C:\Users\marco\.m2\repository\org\openjfx\javafx-controls\19\javafx-controls-19-win.jar;C:\Users\marco\.m2\repository\org\openjfx\javafx-graphics\19\javafx-graphics-19.jar;C:\Users\marco\.m2\repository\org\openjfx\javafx-fxml\19\javafx-fxml-19-win.jar;C:\Users\marco\.m2\repository\org\openjfx\javafx-controls\19\javafx-controls-19.jar;C:\Users\marco\.m2\repository\org\openjfx\javafx-graphics\19\javafx-graphics-19-win.jar;C:\Users\marco\.m2\repository\org\openjfx\javafx-base\19\javafx-base-19.jar;C:\Users\marco\.m2\repository\org\openjfx\javafx-base\19\javafx-base-19-win.jar;"/>
    <property name="java.vm.vendor" value="Oracle Corporation"/>
    <property name="sun.arch.data.model" value="64"/>
    <property name="user.variant" value=""/>
    <property name="java.vendor.url" value="https://java.oracle.com/"/>
    <property name="user.timezone" value="America/Fortaleza"/>
    <property name="os.name" value="Windows 10"/>
    <property name="java.vm.specification.version" value="19"/>
    <property name="sun.java.launcher" value="SUN_STANDARD"/>
    <property name="user.country" value="BR"/>
    <property name="sun.boot.library.path" value="C:\Program Files\Java\jdk-19\bin"/>
    <property name="sun.java.command" value="C:\Users\marco\AppData\Local\Temp\surefire3818240414188171396\surefirebooter4716848733249450687.jar C:\Users\marco\AppData\Local\Temp\surefire3818240414188171396 2022-12-26T02-51-55_390-jvmRun1 surefire8513917999619301187tmp surefire_04210750030580882564tmp"/>
    <property name="jdk.debug" value="release"/>
    <property name="surefire.test.class.path" value="C:\Users\marco\IdeaProjects\pinup\target\test-classes;C:\Users\marco\IdeaProjects\pinup\target\classes;C:\Users\marco\.m2\repository\org\jsoup\jsoup\1.14.2\jsoup-1.14.2.jar;C:\Users\marco\.m2\repository\com\google\code\gson\gson\2.8.8\gson-2.8.8.jar;C:\Users\marco\.m2\repository\org\json\json\20210307\json-20210307.jar;C:\Users\marco\.m2\repository\org\testng\testng\7.4.0\testng-7.4.0.jar;C:\Users\marco\.m2\repository\com\beust\jcommander\1.78\jcommander-1.78.jar;C:\Users\marco\.m2\repository\org\webjars\jquery\3.5.1\jquery-3.5.1.jar;C:\Users\marco\.m2\repository\org\openjfx\javafx-controls\19\javafx-controls-19-win.jar;C:\Users\marco\.m2\repository\org\openjfx\javafx-graphics\19\javafx-graphics-19.jar;C:\Users\marco\.m2\repository\org\openjfx\javafx-fxml\19\javafx-fxml-19-win.jar;C:\Users\marco\.m2\repository\org\openjfx\javafx-controls\19\javafx-controls-19.jar;C:\Users\marco\.m2\repository\org\openjfx\javafx-graphics\19\javafx-graphics-19-win.jar;C:\Users\marco\.m2\repository\org\openjfx\javafx-base\19\javafx-base-19.jar;C:\Users\marco\.m2\repository\org\openjfx\javafx-base\19\javafx-base-19-win.jar;"/>
    <property name="sun.cpu.endian" value="little"/>
    <property name="user.home" value="C:\Users\marco"/>
    <property name="user.language" value="pt"/>
    <property name="java.specification.vendor" value="Oracle Corporation"/>
    <property name="java.version.date" value="2022-10-18"/>
    <property name="java.home" value="C:\Program Files\Java\jdk-19"/>
    <property name="file.separator" value="\"/>
    <property name="basedir" value="C:\Users\marco\IdeaProjects\pinup"/>
    <property name="java.vm.compressedOopsMode" value="Zero based"/>
    <property name="line.separator" value="&#10;"/>
    <property name="java.vm.specification.vendor" value="Oracle Corporation"/>
    <property name="java.specification.name" value="Java Platform API Specification"/>
    <property name="surefire.real.class.path" value="C:\Users\marco\AppData\Local\Temp\surefire3818240414188171396\surefirebooter4716848733249450687.jar"/>
    <property name="user.script" value=""/>
    <property name="sun.management.compiler" value="HotSpot 64-Bit Tiered Compilers"/>
    <property name="java.runtime.version" value="19.0.1+10-21"/>
    <property name="user.name" value="marco"/>
    <property name="stdout.encoding" value="Cp1252"/>
    <property name="path.separator" value=";"/>
    <property name="os.version" value="10.0"/>
    <property name="java.runtime.name" value="Java(TM) SE Runtime Environment"/>
    <property name="file.encoding" value="UTF-8"/>
    <property name="java.vm.name" value="Java HotSpot(TM) 64-Bit Server VM"/>
    <property name="localRepository" value="C:\Users\marco\.m2\repository"/>
    <property name="java.vendor.url.bug" value="https://bugreport.java.com/bugreport/"/>
    <property name="java.io.tmpdir" value="C:\Users\marco\AppData\Local\Temp\"/>
    <property name="idea.version" value="2022.3"/>
    <property name="java.version" value="19.0.1"/>
    <property name="user.dir" value="C:\Users\marco\IdeaProjects\pinup"/>
    <property name="os.arch" value="amd64"/>
    <property name="java.vm.specification.name" value="Java Virtual Machine Specification"/>
    <property name="sun.os.patch.level" value=""/>
    <property name="native.encoding" value="Cp1252"/>
    <property name="java.library.path" value="C:\Program Files\Java\jdk-19\bin;C:\Windows\Sun\Java\bin;C:\Windows\system32;C:\Windows;C:\Program Files\Common Files\Oracle\Java\javapath;C:\Windows\system32;C:\Windows;C:\Windows\System32\Wbem;C:\Windows\System32\WindowsPowerShell\v1.0\;C:\Windows\System32\OpenSSH\;C:\Program Files (x86)\Intel\Intel(R) Management Engine Components\DAL;C:\Program Files\Intel\Intel(R) Management Engine Components\DAL;C:\wamp64\bin\php\php8.1.13;C:\ProgramData\ComposerSetup\bin;C:\Program Files\Git\cmd;C:\Program Files\nodejs\;C:\Program Files (x86)\Windows Kits\10\Windows Performance Toolkit\;C:\Program Files (x86)\Windows Kits\10\Microsoft Application Virtualization\Sequencer\;C:\opt\apache-maven-3.8.6\bin;C:\Users\marco\AppData\Local\Programs\Python\Python311;C:\Users\marco\AppData\Local\Programs\Python\Python311\Scripts\;C:\Users\marco\AppData\Local\Programs\Python\Python311\;C:\Users\marco\AppData\Local\Microsoft\WindowsApps;C:\Program Files\JetBrains\IntelliJ IDEA 2022.2.3\bin;;C:\Program Files\JetBrains\IntelliJ IDEA Community Edition 2022.3\bin;;C:\Users\marco\AppData\Local\Programs\Microsoft VS Code\bin;C:\Users\marco\AppData\Roaming\Composer\vendor\bin;C:\ProgramData\ComposerSetup\bin;C:\Users\marco\AppData\Roaming\npm;."/>
    <property name="java.vm.info" value="mixed mode, sharing"/>
    <property name="stderr.encoding" value="Cp1252"/>
    <property name="java.vendor" value="Oracle Corporation"/>
    <property name="java.vm.version" value="19.0.1+10-21"/>
    <property name="sun.io.unicode.encoding" value="UnicodeLittle"/>
    <property name="java.class.version" value="63.0"/>
  </properties>
  <testcase name="calldog" classname="TestSocket" time="0.016">
    <failure message="Address already in use: bind" type="java.net.BindException">java.net.BindException: Address already in use: bind
	at TestSocket.calldog(TestSocket.java:24)
</failure>
  </testcase>
  <testcase name="initCliente" classname="TestSocket" time="2.214">
    <failure message="Connection refused: connect" type="java.net.ConnectException">java.net.ConnectException: Connection refused: connect
	at TestSocket.initCliente(TestSocket.java:17)
</failure>
  </testcase>
  <testcase name="testSocket" classname="TestSocket" time="0.001">
    <failure message="Address already in use: bind" type="java.net.BindException">java.net.BindException: Address already in use: bind
	at TestSocket.testSocket(TestSocket.java:13)
</failure>
  </testcase>
</testsuite>