<?xml version="1.0" encoding="UTF-8"?>
<testsuite xmlns:xsi="http://www.w3.org/2001/XMLSchema-instance" xsi:noNamespaceSchemaLocation="https://maven.apache.org/surefire/maven-surefire-plugin/xsd/surefire-test-report.xsd" name="TestSocket" time="0.35" tests="3" errors="0" skipped="0" failures="2">
  <properties>
    <property name="sun.desktop" value="gnome"/>
    <property name="awt.toolkit" value="sun.awt.X11.XToolkit"/>
    <property name="java.specification.version" value="11"/>
    <property name="sun.cpu.isalist" value=""/>
    <property name="sun.jnu.encoding" value="UTF-8"/>
    <property name="java.class.path" value="/media/zispo/44B06842B0683D14/Users/marco/IdeaProjects/pinup/target/test-classes:/media/zispo/44B06842B0683D14/Users/marco/IdeaProjects/pinup/target/classes:/home/zispo/.m2/repository/org/jsoup/jsoup/1.14.2/jsoup-1.14.2.jar:/home/zispo/.m2/repository/com/google/code/gson/gson/2.8.8/gson-2.8.8.jar:/home/zispo/.m2/repository/org/json/json/20210307/json-20210307.jar:/home/zispo/.m2/repository/org/testng/testng/7.4.0/testng-7.4.0.jar:/home/zispo/.m2/repository/com/beust/jcommander/1.78/jcommander-1.78.jar:/home/zispo/.m2/repository/org/webjars/jquery/3.5.1/jquery-3.5.1.jar:/home/zispo/.m2/repository/org/openjfx/javafx-controls/19/javafx-controls-19-win.jar:/home/zispo/.m2/repository/org/openjfx/javafx-controls/19/javafx-controls-19-linux.jar:/home/zispo/.m2/repository/org/openjfx/javafx-graphics/19/javafx-graphics-19.jar:/home/zispo/.m2/repository/org/openjfx/javafx-fxml/19/javafx-fxml-19-win.jar:/home/zispo/.m2/repository/org/openjfx/javafx-fxml/19/javafx-fxml-19-linux.jar:/home/zispo/.m2/repository/org/openjfx/javafx-controls/19/javafx-controls-19.jar:/home/zispo/.m2/repository/org/openjfx/javafx-graphics/19/javafx-graphics-19-win.jar:/home/zispo/.m2/repository/org/openjfx/javafx-graphics/19/javafx-graphics-19-linux.jar:/home/zispo/.m2/repository/org/openjfx/javafx-base/19/javafx-base-19.jar:/home/zispo/.m2/repository/org/openjfx/javafx-base/19/javafx-base-19-linux.jar:/home/zispo/.m2/repository/org/openjfx/javafx-web/19/javafx-web-19-win.jar:/home/zispo/.m2/repository/org/openjfx/javafx-web/19/javafx-web-19-linux.jar:/home/zispo/.m2/repository/org/openjfx/javafx-media/19/javafx-media-19.jar:/home/zispo/.m2/repository/org/openjfx/javafx-media/19/javafx-media-19-linux.jar:"/>
    <property name="java.vm.vendor" value="Ubuntu"/>
    <property name="sun.arch.data.model" value="64"/>
    <property name="java.vendor.url" value="https://ubuntu.com/"/>
    <property name="user.timezone" value=""/>
    <property name="java.vm.specification.version" value="11"/>
    <property name="os.name" value="Linux"/>
    <property name="sun.java.launcher" value="SUN_STANDARD"/>
    <property name="user.country" value="BR"/>
    <property name="sun.boot.library.path" value="/usr/lib/jvm/java-11-openjdk-amd64/lib"/>
    <property name="sun.java.command" value="/media/zispo/44B06842B0683D14/Users/marco/IdeaProjects/pinup/target/surefire/surefirebooter16144950640116958255.jar /media/zispo/44B06842B0683D14/Users/marco/IdeaProjects/pinup/target/surefire 2023-01-06T01-23-21_003-jvmRun1 surefire7603186041680487207tmp surefire_018060424417893127364tmp"/>
    <property name="jdk.debug" value="release"/>
    <property name="surefire.test.class.path" value="/media/zispo/44B06842B0683D14/Users/marco/IdeaProjects/pinup/target/test-classes:/media/zispo/44B06842B0683D14/Users/marco/IdeaProjects/pinup/target/classes:/home/zispo/.m2/repository/org/jsoup/jsoup/1.14.2/jsoup-1.14.2.jar:/home/zispo/.m2/repository/com/google/code/gson/gson/2.8.8/gson-2.8.8.jar:/home/zispo/.m2/repository/org/json/json/20210307/json-20210307.jar:/home/zispo/.m2/repository/org/testng/testng/7.4.0/testng-7.4.0.jar:/home/zispo/.m2/repository/com/beust/jcommander/1.78/jcommander-1.78.jar:/home/zispo/.m2/repository/org/webjars/jquery/3.5.1/jquery-3.5.1.jar:/home/zispo/.m2/repository/org/openjfx/javafx-controls/19/javafx-controls-19-win.jar:/home/zispo/.m2/repository/org/openjfx/javafx-controls/19/javafx-controls-19-linux.jar:/home/zispo/.m2/repository/org/openjfx/javafx-graphics/19/javafx-graphics-19.jar:/home/zispo/.m2/repository/org/openjfx/javafx-fxml/19/javafx-fxml-19-win.jar:/home/zispo/.m2/repository/org/openjfx/javafx-fxml/19/javafx-fxml-19-linux.jar:/home/zispo/.m2/repository/org/openjfx/javafx-controls/19/javafx-controls-19.jar:/home/zispo/.m2/repository/org/openjfx/javafx-graphics/19/javafx-graphics-19-win.jar:/home/zispo/.m2/repository/org/openjfx/javafx-graphics/19/javafx-graphics-19-linux.jar:/home/zispo/.m2/repository/org/openjfx/javafx-base/19/javafx-base-19.jar:/home/zispo/.m2/repository/org/openjfx/javafx-base/19/javafx-base-19-linux.jar:/home/zispo/.m2/repository/org/openjfx/javafx-web/19/javafx-web-19-win.jar:/home/zispo/.m2/repository/org/openjfx/javafx-web/19/javafx-web-19-linux.jar:/home/zispo/.m2/repository/org/openjfx/javafx-media/19/javafx-media-19.jar:/home/zispo/.m2/repository/org/openjfx/javafx-media/19/javafx-media-19-linux.jar:"/>
    <property name="sun.cpu.endian" value="little"/>
    <property name="user.home" value="/home/zispo"/>
    <property name="user.language" value="pt"/>
    <property name="java.specification.vendor" value="Oracle Corporation"/>
    <property name="java.version.date" value="2022-10-18"/>
    <property name="java.home" value="/usr/lib/jvm/java-11-openjdk-amd64"/>
    <property name="file.separator" value="/"/>
    <property name="basedir" value="/media/zispo/44B06842B0683D14/Users/marco/IdeaProjects/pinup"/>
    <property name="java.vm.compressedOopsMode" value="Zero based"/>
    <property name="line.separator" value="&#10;"/>
    <property name="java.specification.name" value="Java Platform API Specification"/>
    <property name="java.vm.specification.vendor" value="Oracle Corporation"/>
    <property name="java.awt.graphicsenv" value="sun.awt.X11GraphicsEnvironment"/>
    <property name="surefire.real.class.path" value="/media/zispo/44B06842B0683D14/Users/marco/IdeaProjects/pinup/target/surefire/surefirebooter16144950640116958255.jar"/>
    <property name="sun.management.compiler" value="HotSpot 64-Bit Tiered Compilers"/>
    <property name="java.runtime.version" value="11.0.17+8-post-Ubuntu-1ubuntu222.04"/>
    <property name="user.name" value="zispo"/>
    <property name="path.separator" value=":"/>
    <property name="os.version" value="5.15.0-56-generic"/>
    <property name="java.runtime.name" value="OpenJDK Runtime Environment"/>
    <property name="file.encoding" value="UTF-8"/>
    <property name="java.vm.name" value="OpenJDK 64-Bit Server VM"/>
    <property name="localRepository" value="/home/zispo/.m2/repository"/>
    <property name="java.vendor.url.bug" value="https://bugs.launchpad.net/ubuntu/+source/openjdk-lts"/>
    <property name="java.io.tmpdir" value="/tmp"/>
    <property name="java.version" value="11.0.17"/>
    <property name="user.dir" value="/media/zispo/44B06842B0683D14/Users/marco/IdeaProjects/pinup"/>
    <property name="os.arch" value="amd64"/>
    <property name="java.vm.specification.name" value="Java Virtual Machine Specification"/>
    <property name="java.awt.printerjob" value="sun.print.PSPrinterJob"/>
    <property name="sun.os.patch.level" value="unknown"/>
    <property name="java.library.path" value="/usr/java/packages/lib:/usr/lib/x86_64-linux-gnu/jni:/lib/x86_64-linux-gnu:/usr/lib/x86_64-linux-gnu:/usr/lib/jni:/lib:/usr/lib"/>
    <property name="java.vm.info" value="mixed mode, sharing"/>
    <property name="java.vendor" value="Ubuntu"/>
    <property name="java.vm.version" value="11.0.17+8-post-Ubuntu-1ubuntu222.04"/>
    <property name="sun.io.unicode.encoding" value="UnicodeLittle"/>
    <property name="java.class.version" value="55.0"/>
  </properties>
  <testcase name="calldog" classname="TestSocket" time="0.008"/>
  <testcase name="initCliente" classname="TestSocket" time="0.007">
    <failure message="Conexão recusada (Connection refused)" type="java.net.ConnectException">java.net.ConnectException: Conexão recusada (Connection refused)
	at TestSocket.initCliente(TestSocket.java:15)
</failure>
  </testcase>
  <testcase name="testSocket" classname="TestSocket" time="0">
    <failure message="Endereço já em uso (Bind failed)" type="java.net.BindException">java.net.BindException: Endereço já em uso (Bind failed)
	at TestSocket.testSocket(TestSocket.java:11)
</failure>
  </testcase>
</testsuite>